2025-03-18 22:09:54.380 | DEBUG    | app.NtscApp:sync_nt_to_sliders:265 - set <class 'float'> _composite_preemphasis slider to 0.04926467762071862
2025-03-18 22:09:54.380 | DEBUG    | app.NtscApp:sync_nt_to_sliders:265 - set <class 'float'> _vhs_out_sharpen slider to 1.4741283815175712
2025-03-18 22:09:54.396 | DEBUG    | app.NtscApp:sync_nt_to_sliders:265 - set <class 'int'> _vhs_edge_wave slider to 2
2025-03-18 22:09:54.396 | DEBUG    | app.NtscApp:sync_nt_to_sliders:265 - set <class 'float'> _ringing slider to 0.510427756346971
2025-03-18 22:09:54.396 | DEBUG    | app.NtscApp:sync_nt_to_sliders:265 - set <class 'int'> _ringing_power slider to 5
2025-03-18 22:09:54.396 | DEBUG    | app.NtscApp:sync_nt_to_sliders:265 - set <class 'int'> _ringing_shift slider to 0
2025-03-18 22:09:54.396 | DEBUG    | app.NtscApp:sync_nt_to_sliders:265 - set <class 'float'> _freq_noise_size slider to 0.7906099154474182
2025-03-18 22:09:54.396 | DEBUG    | app.NtscApp:sync_nt_to_sliders:265 - set <class 'float'> _freq_noise_amplitude slider to 0.6772222893726056
2025-03-18 22:09:54.396 | DEBUG    | app.NtscApp:sync_nt_to_sliders:265 - set <class 'int'> _color_bleed_horiz slider to 0
2025-03-18 22:09:54.396 | DEBUG    | app.NtscApp:sync_nt_to_sliders:265 - set <class 'int'> _color_bleed_vert slider to 1
2025-03-18 22:09:54.396 | DEBUG    | app.NtscApp:sync_nt_to_sliders:265 - set <class 'int'> _video_chroma_noise slider to 949
2025-03-18 22:09:54.396 | DEBUG    | app.NtscApp:sync_nt_to_sliders:265 - set <class 'int'> _video_chroma_phase_noise slider to 7
2025-03-18 22:09:54.412 | DEBUG    | app.NtscApp:sync_nt_to_sliders:265 - set <class 'int'> _video_chroma_loss slider to 25385
2025-03-18 22:09:54.414 | DEBUG    | app.NtscApp:sync_nt_to_sliders:265 - set <class 'int'> _video_noise slider to 322
2025-03-18 22:09:54.414 | DEBUG    | app.NtscApp:sync_nt_to_sliders:265 - set <class 'int'> _video_scanline_phase_shift slider to 90
2025-03-18 22:09:54.414 | DEBUG    | app.NtscApp:sync_nt_to_sliders:265 - set <class 'int'> _video_scanline_phase_shift_offset slider to 1
2025-03-18 22:09:54.414 | DEBUG    | app.NtscApp:sync_nt_to_sliders:265 - set <class 'int'> _head_switching_speed slider to 0
2025-03-18 22:09:54.414 | DEBUG    | app.NtscApp:sync_nt_to_sliders:265 - set <class 'bool'> _vhs_head_switching slider to False
2025-03-18 22:09:54.414 | DEBUG    | app.NtscApp:sync_nt_to_sliders:265 - set <class 'bool'> _color_bleed_before slider to True
2025-03-18 22:09:54.414 | DEBUG    | app.NtscApp:sync_nt_to_sliders:265 - set <class 'bool'> _enable_ringing2 slider to True
2025-03-18 22:09:54.414 | DEBUG    | app.NtscApp:sync_nt_to_sliders:265 - set <class 'bool'> _composite_in_chroma_lowpass slider to True
2025-03-18 22:09:54.414 | DEBUG    | app.NtscApp:sync_nt_to_sliders:265 - set <class 'bool'> _composite_out_chroma_lowpass slider to True
2025-03-18 22:09:54.428 | DEBUG    | app.NtscApp:sync_nt_to_sliders:265 - set <class 'bool'> _composite_out_chroma_lowpass_lite slider to True
2025-03-18 22:09:54.430 | DEBUG    | app.NtscApp:sync_nt_to_sliders:265 - set <class 'bool'> _emulating_vhs slider to False
2025-03-18 22:09:54.430 | DEBUG    | app.NtscApp:sync_nt_to_sliders:265 - set <class 'bool'> _nocolor_subcarrier slider to False
2025-03-18 22:09:54.432 | DEBUG    | app.NtscApp:sync_nt_to_sliders:265 - set <class 'bool'> _vhs_chroma_vert_blend slider to True
2025-03-18 22:09:54.434 | DEBUG    | app.NtscApp:sync_nt_to_sliders:265 - set <class 'bool'> _vhs_svideo_out slider to False
2025-03-18 22:09:54.436 | DEBUG    | app.NtscApp:sync_nt_to_sliders:265 - set <class 'bool'> _output_ntsc slider to True
e
